  GUI.cpp
E:\Documents\LochieGraphics\LochieGraphics\GUI.cpp(65,101): warning C4267: 'argument': conversion from 'size_t' to 'int', possible loss of data
E:\Documents\LochieGraphics\LochieGraphics\GUI.cpp(80,86): warning C4267: 'argument': conversion from 'size_t' to 'int', possible loss of data
  Model.cpp
  Main.cpp
  Material.cpp
  Mesh.cpp
E:\Documents\LochieGraphics\LochieGraphics\Mesh.cpp(21,56): warning C4267: 'argument': conversion from 'size_t' to 'unsigned int', possible loss of data
E:\Documents\LochieGraphics\LochieGraphics\Mesh.cpp(21,26): warning C4267: 'argument': conversion from 'size_t' to 'unsigned int', possible loss of data
E:\Documents\LochieGraphics\LochieGraphics\Mesh.cpp(148,48): warning C4267: 'argument': conversion from 'size_t' to 'unsigned int', possible loss of data
  ModelRenderer.cpp
  MultiModelRenderer.cpp
  SceneManager.cpp
  SceneObject.cpp
  TestScene.cpp
E:\Documents\LochieGraphics\LochieGraphics\TestScene.cpp(135,35): warning C4244: '=': conversion from 'double' to 'T', possible loss of data
E:\Documents\LochieGraphics\LochieGraphics\TestScene.cpp(135,35): warning C4244:         with
E:\Documents\LochieGraphics\LochieGraphics\TestScene.cpp(135,35): warning C4244:         [
E:\Documents\LochieGraphics\LochieGraphics\TestScene.cpp(135,35): warning C4244:             T=float
E:\Documents\LochieGraphics\LochieGraphics\TestScene.cpp(135,35): warning C4244:         ]
  Texture.cpp
  ResourceManager.cpp
  Generating Code...
  LochieGraphics.vcxproj -> E:\Documents\LochieGraphics\x64\Debug\LochieGraphics.exe
